<?xml version="1.0" encoding="UTF-8"?>
<testsuite xmlns:xsi="http://www.w3.org/2001/XMLSchema-instance" xsi:schemaLocation="https://maven.apache.org/surefire/maven-surefire-plugin/xsd/surefire-test-report.xsd" name="com.forkexec.pts.ws.it.AddPointsIT" time="8.651" tests="5" errors="1" skipped="0" failures="0">
  <properties>
[...]
</properties>
  <testcase name="nullEmailTest" classname="com.forkexec.pts.ws.it.AddPointsIT" time="1.307"/>
  <testcase name="noPaymentTest" classname="com.forkexec.pts.ws.it.AddPointsIT" time="1.918"/>
  <testcase name="unknownUserTest" classname="com.forkexec.pts.ws.it.AddPointsIT" time="1.85">
    <error message="java.net.ConnectException: Connection refused: connect" type="javax.xml.ws.WebServiceException">javax.xml.ws.WebServiceException: java.net.ConnectException: Connection refused: connect
	at com.forkexec.pts.ws.it.AddPointsIT.setUp(AddPointsIT.java:18)
Caused by: java.net.ConnectException: Connection refused: connect
	at com.forkexec.pts.ws.it.AddPointsIT.setUp(AddPointsIT.java:18)
</error>
  </testcase>
  <testcase name="negativeValueTest" classname="com.forkexec.pts.ws.it.AddPointsIT" time="1.376"/>
  <testcase name="addPointsTest" classname="com.forkexec.pts.ws.it.AddPointsIT" time="2.193"/>
</testsuite>