<?xml version="1.0" encoding="UTF-8"?>
<testsuite xmlns:xsi="http://www.w3.org/2001/XMLSchema-instance" xsi:schemaLocation="https://maven.apache.org/surefire/maven-surefire-plugin/xsd/surefire-test-report.xsd" name="pt.ulisboa.tecnico.sdis.ws.uddi.UDDINamingIT" time="93.153" tests="4" errors="4" skipped="0" failures="0">
  <properties>
[...]
</properties>
  <testcase name="testRebindLookup" classname="pt.ulisboa.tecnico.sdis.ws.uddi.UDDINamingIT" time="19.869">
    <error message="lookupRecord() IllegalArgumentException Organization name cannot be null! ; Organization name cannot be null!" type="pt.ulisboa.tecnico.sdis.ws.uddi.UDDINamingException">pt.ulisboa.tecnico.sdis.ws.uddi.UDDINamingException: lookupRecord() IllegalArgumentException Organization name cannot be null! ; Organization name cannot be null!
	at pt.ulisboa.tecnico.sdis.ws.uddi.UDDINamingIT.testRebindLookup(UDDINamingIT.java:67)
Caused by: java.lang.IllegalArgumentException: Organization name cannot be null!
	at pt.ulisboa.tecnico.sdis.ws.uddi.UDDINamingIT.testRebindLookup(UDDINamingIT.java:67)
</error>
    <system-out><![CDATA[Test properties:
{uddi.pass=aoJbiEHg, uddi.url=http://a51:aoJbiEHg@uddi.sd.rnl.tecnico.ulisboa.pt:9090/, uddi.user=a51}
]]></system-out>
  </testcase>
  <testcase name="testRebindLookupWithWildcard" classname="pt.ulisboa.tecnico.sdis.ws.uddi.UDDINamingIT" time="22.495">
    <error message="lookupRecord() IllegalArgumentException Organization name cannot be null! ; Organization name cannot be null!" type="pt.ulisboa.tecnico.sdis.ws.uddi.UDDINamingException">pt.ulisboa.tecnico.sdis.ws.uddi.UDDINamingException: lookupRecord() IllegalArgumentException Organization name cannot be null! ; Organization name cannot be null!
	at pt.ulisboa.tecnico.sdis.ws.uddi.UDDINamingIT.testRebindLookupWithWildcard(UDDINamingIT.java:79)
Caused by: java.lang.IllegalArgumentException: Organization name cannot be null!
	at pt.ulisboa.tecnico.sdis.ws.uddi.UDDINamingIT.testRebindLookupWithWildcard(UDDINamingIT.java:79)
</error>
  </testcase>
  <testcase name="testRebindListRecordsWithWildcard" classname="pt.ulisboa.tecnico.sdis.ws.uddi.UDDINamingIT" time="28.722">
    <error message="listRecords() IllegalArgumentException Organization name cannot be null! ; Organization name cannot be null!" type="pt.ulisboa.tecnico.sdis.ws.uddi.UDDINamingException">pt.ulisboa.tecnico.sdis.ws.uddi.UDDINamingException: listRecords() IllegalArgumentException Organization name cannot be null! ; Organization name cannot be null!
	at pt.ulisboa.tecnico.sdis.ws.uddi.UDDINamingIT.testRebindListRecordsWithWildcard(UDDINamingIT.java:118)
Caused by: java.lang.IllegalArgumentException: Organization name cannot be null!
	at pt.ulisboa.tecnico.sdis.ws.uddi.UDDINamingIT.testRebindListRecordsWithWildcard(UDDINamingIT.java:118)
</error>
  </testcase>
  <testcase name="testRebindLookupRecord" classname="pt.ulisboa.tecnico.sdis.ws.uddi.UDDINamingIT" time="22.01">
    <error message="lookupRecord() IllegalArgumentException Organization name cannot be null! ; Organization name cannot be null!" type="pt.ulisboa.tecnico.sdis.ws.uddi.UDDINamingException">pt.ulisboa.tecnico.sdis.ws.uddi.UDDINamingException: lookupRecord() IllegalArgumentException Organization name cannot be null! ; Organization name cannot be null!
	at pt.ulisboa.tecnico.sdis.ws.uddi.UDDINamingIT.testRebindLookupRecord(UDDINamingIT.java:92)
Caused by: java.lang.IllegalArgumentException: Organization name cannot be null!
	at pt.ulisboa.tecnico.sdis.ws.uddi.UDDINamingIT.testRebindLookupRecord(UDDINamingIT.java:92)
</error>
  </testcase>
</testsuite>